<?xml version="1.0" encoding="UTF-8"?><testsuite errors="5" failures="0" name="Cart" skipped="0" tests="5" time="1.23" timestamp="2022-10-25 05:28:11"><testcase name="I want to get all cart"><error type="java.lang.NullPointerException"/><system-err>null&#13;
net.serenitybdd.rest.SerenityRest.lastResponse(SerenityRest.java:67)&#13;
net.serenitybdd.rest.SerenityRest.then(SerenityRest.java:62)&#13;
weeklytask2@1.0-SNAPSHOT/Login.LoginProject.validateStatusCode200(LoginProject.java:33)&#13;
weeklytask2@1.0-SNAPSHOT/stepdefinitions.LoginStepDefinitions.iWillGetCode200(LoginStepDefinitions.java:29)&#13;
✽.I will get code 200(file:///D:/Ra/file%20kuliah/semester%207/resume%20alta/Weekly-task-2/weeklytask2/src/test/resources/features/cart.feature:9)&#13;
</system-err></testcase><testcase name="I want to Get a single cart"><error type="java.lang.NullPointerException"/><system-err>null&#13;
weeklytask2@1.0-SNAPSHOT/stepdefinitions.ProdukStepDefinitions.iRequestGetASingleProduct(ProdukStepDefinitions.java:37)&#13;
✽.I request Get a single product(file:///D:/Ra/file%20kuliah/semester%207/resume%20alta/Weekly-task-2/weeklytask2/src/test/resources/features/cart.feature:13)&#13;
</system-err></testcase><testcase name="I want to Get Limit results Cart"><error type="java.lang.NullPointerException"/><system-err>null&#13;
net.serenitybdd.rest.SerenityRest.lastResponse(SerenityRest.java:67)&#13;
net.serenitybdd.rest.SerenityRest.then(SerenityRest.java:62)&#13;
weeklytask2@1.0-SNAPSHOT/Login.LoginProject.validateStatusCode200(LoginProject.java:33)&#13;
weeklytask2@1.0-SNAPSHOT/stepdefinitions.LoginStepDefinitions.iWillGetCode200(LoginStepDefinitions.java:29)&#13;
✽.I will get code 200(file:///D:/Ra/file%20kuliah/semester%207/resume%20alta/Weekly-task-2/weeklytask2/src/test/resources/features/cart.feature:19)&#13;
</system-err></testcase><testcase name="I want to Get Sort results cart"><error type="java.lang.NullPointerException"/><system-err>null&#13;
net.serenitybdd.rest.SerenityRest.lastResponse(SerenityRest.java:67)&#13;
net.serenitybdd.rest.SerenityRest.then(SerenityRest.java:62)&#13;
weeklytask2@1.0-SNAPSHOT/Login.LoginProject.validateStatusCode200(LoginProject.java:33)&#13;
weeklytask2@1.0-SNAPSHOT/stepdefinitions.LoginStepDefinitions.iWillGetCode200(LoginStepDefinitions.java:29)&#13;
✽.I will get code 200(file:///D:/Ra/file%20kuliah/semester%207/resume%20alta/Weekly-task-2/weeklytask2/src/test/resources/features/cart.feature:24)&#13;
</system-err></testcase><testcase name="I want to Add new cart"><error type="java.lang.NullPointerException"/><system-err>null&#13;
net.serenitybdd.rest.SerenityRest.lastResponse(SerenityRest.java:67)&#13;
net.serenitybdd.rest.SerenityRest.then(SerenityRest.java:62)&#13;
weeklytask2@1.0-SNAPSHOT/Login.LoginProject.validateStatusCode200(LoginProject.java:33)&#13;
weeklytask2@1.0-SNAPSHOT/stepdefinitions.LoginStepDefinitions.iWillGetCode200(LoginStepDefinitions.java:29)&#13;
✽.I will get code 200(file:///D:/Ra/file%20kuliah/semester%207/resume%20alta/Weekly-task-2/weeklytask2/src/test/resources/features/cart.feature:30)&#13;
</system-err></testcase></testsuite>